This file contains any messages produced by compilers while
running configure, to aid debugging if configure makes a mistake.

It was created by libmaxminddb configure 1.12.2, which was
generated by GNU Autoconf 2.72.  Invocation command line was

  $ ./configure

## --------- ##
## Platform. ##
## --------- ##

hostname = localhost
uname -m = x86_64
uname -r = 6.12.16-gentoo-02-feb-2025
uname -s = Linux
uname -v = #5 SMP PREEMPT_DYNAMIC Sun May 11 20:17:13 -00 2025

/usr/bin/uname -p = AMD Ryzen 9 7950X3D 16-Core Processor
/bin/uname -X     = unknown

/bin/arch              = x86_64
/usr/bin/arch -k       = unknown
/usr/convex/getsysinfo = unknown
/usr/bin/hostinfo      = unknown
/bin/machine           = unknown
/usr/bin/oslevel       = unknown
/bin/universe          = unknown

PATH: /usr/local/sbin/
PATH: /usr/local/bin/
PATH: /usr/sbin/
PATH: /usr/bin/
PATH: /sbin/
PATH: /bin/
PATH: /opt/bin/
PATH: /usr/lib/llvm/19/bin/
PATH: /usr/lib/llvm/18/bin/


## ----------- ##
## Core tests. ##
## ----------- ##

configure:2565: looking for aux files: missing install-sh compile config.guess config.sub ltmain.sh
configure:2578:  trying ./
configure:2607:   ./missing found
configure:2589:   ./install-sh found
configure:2607:   ./compile found
configure:2607:   ./config.guess found
configure:2607:   ./config.sub found
configure:2607:   ./ltmain.sh found
configure:2783: checking for pkg-config
configure:2806: found /usr/sbin/pkg-config
configure:2819: result: /usr/sbin/pkg-config
configure:2844: checking pkg-config is at least version 0.9.0
configure:2847: result: yes
configure:2909: checking build system type
configure:2925: result: x86_64-pc-linux-gnu
configure:2945: checking host system type
configure:2960: result: x86_64-pc-linux-gnu
configure:3001: checking how to print strings
configure:3028: result: printf
configure:3115: checking for gcc
configure:3136: found /usr/sbin/gcc
configure:3148: result: gcc
configure:3507: checking for C compiler version
configure:3516: gcc --version >&5
gcc (Gentoo 14.2.1_p20241221 p7) 14.2.1 20241221
Copyright (C) 2024 Free Software Foundation, Inc.
This is free software; see the source for copying conditions.  There is NO
warranty; not even for MERCHANTABILITY or FITNESS FOR A PARTICULAR PURPOSE.

configure:3527: $? = 0
configure:3516: gcc -v >&5
Using built-in specs.
COLLECT_GCC=gcc
COLLECT_LTO_WRAPPER=/usr/libexec/gcc/x86_64-pc-linux-gnu/14/lto-wrapper
OFFLOAD_TARGET_NAMES=nvptx-none
OFFLOAD_TARGET_DEFAULT=1
Target: x86_64-pc-linux-gnu
Configured with: /var/tmp/portage/sys-devel/gcc-14.2.1_p20241221/work/gcc-14-20241221/configure --host=x86_64-pc-linux-gnu --build=x86_64-pc-linux-gnu --prefix=/usr --bindir=/usr/x86_64-pc-linux-gnu/gcc-bin/14 --includedir=/usr/lib/gcc/x86_64-pc-linux-gnu/14/include --datadir=/usr/share/gcc-data/x86_64-pc-linux-gnu/14 --mandir=/usr/share/gcc-data/x86_64-pc-linux-gnu/14/man --infodir=/usr/share/gcc-data/x86_64-pc-linux-gnu/14/info --with-gxx-include-dir=/usr/lib/gcc/x86_64-pc-linux-gnu/14/include/g++-v14 --disable-silent-rules --disable-dependency-tracking --with-python-dir=/share/gcc-data/x86_64-pc-linux-gnu/14/python --enable-languages=c,c++,fortran --enable-obsolete --enable-secureplt --disable-werror --with-system-zlib --enable-nls --without-included-gettext --disable-libunwind-exceptions --enable-checking=release --with-bugurl=https://bugs.gentoo.org/ --with-pkgversion='Gentoo 14.2.1_p20241221 p7' --with-gcc-major-version-only --enable-libstdcxx-time --enable-lto --disable-libstdcxx-pch --enable-shared --enable-threads=posix --enable-__cxa_atexit --enable-clocale=gnu --enable-multilib --with-multilib-list=m32,m64 --disable-fixed-point --enable-targets=all --enable-offload-defaulted --enable-offload-targets=nvptx-none --enable-libgomp --disable-libssp --disable-libada --enable-cet --disable-systemtap --disable-valgrind-annotations --disable-vtable-verify --disable-libvtv --with-zstd --without-isl --enable-default-pie --enable-host-pie --enable-host-bind-now --enable-default-ssp --disable-fixincludes --with-gxx-libcxx-include-dir=/usr/include/c++/v1 --with-build-config=bootstrap-cet
Thread model: posix
Supported LTO compression algorithms: zlib zstd
gcc version 14.2.1 20241221 (Gentoo 14.2.1_p20241221 p7) 
... rest of stderr output deleted ...
configure:3527: $? = 0
configure:3516: gcc -V >&5
gcc: error: unrecognized command-line option '-V'
gcc: fatal error: no input files
compilation terminated.
configure:3527: $? = 1
configure:3516: gcc -qversion >&5
gcc: error: unrecognized command-line option '-qversion'; did you mean '--version'?
gcc: fatal error: no input files
compilation terminated.
configure:3527: $? = 1
configure:3516: gcc -version >&5
gcc: error: unrecognized command-line option '-version'
gcc: fatal error: no input files
compilation terminated.
configure:3527: $? = 1
configure:3547: checking whether the C compiler works
configure:3569: gcc    conftest.c  >&5
configure:3573: $? = 0
configure:3624: result: yes
configure:3628: checking for C compiler default output file name
configure:3630: result: a.out
configure:3636: checking for suffix of executables
configure:3643: gcc -o conftest    conftest.c  >&5
configure:3647: $? = 0
configure:3671: result: 
configure:3695: checking whether we are cross compiling
configure:3703: gcc -o conftest    conftest.c  >&5
configure:3707: $? = 0
configure:3714: ./conftest
configure:3718: $? = 0
configure:3733: result: no
configure:3739: checking for suffix of object files
configure:3762: gcc -c   conftest.c >&5
configure:3766: $? = 0
configure:3790: result: o
configure:3794: checking whether the compiler supports GNU C
configure:3814: gcc -c   conftest.c >&5
configure:3814: $? = 0
configure:3826: result: yes
configure:3837: checking whether gcc accepts -g
configure:3858: gcc -c -g  conftest.c >&5
configure:3858: $? = 0
configure:3905: result: yes
configure:3925: checking for gcc option to enable C11 features
configure:3940: gcc  -c -g -O2  conftest.c >&5
configure:3940: $? = 0
configure:3959: result: none needed
configure:4083: checking whether gcc understands -c and -o together
configure:4106: gcc -c conftest.c -o conftest2.o
configure:4109: $? = 0
configure:4106: gcc -c conftest.c -o conftest2.o
configure:4109: $? = 0
configure:4122: result: yes
configure:4139: checking for a sed that does not truncate output
configure:4211: result: /usr/sbin/sed
configure:4229: checking for grep that handles long lines and -e
configure:4295: result: /usr/sbin/grep
configure:4300: checking for egrep
configure:4370: result: /usr/sbin/grep -E
configure:4377: checking for fgrep
configure:4447: result: /usr/sbin/grep -F
configure:4484: checking for ld used by gcc
configure:4553: result: /usr/x86_64-pc-linux-gnu/bin/ld
configure:4560: checking if the linker (/usr/x86_64-pc-linux-gnu/bin/ld) is GNU ld
configure:4577: result: yes
configure:4589: checking for BSD- or MS-compatible name lister (nm)
configure:4645: result: /usr/sbin/nm -B
configure:4787: checking the name lister (/usr/sbin/nm -B) interface
configure:4795: gcc -c -g -O2  conftest.c >&5
configure:4798: /usr/sbin/nm -B "conftest.o"
configure:4801: output
0000000000000000 B some_variable
configure:4809: result: BSD nm
configure:4812: checking whether ln -s works
configure:4816: result: yes
configure:4824: checking the maximum length of command line arguments
configure:4957: result: 1572864
configure:5005: checking how to convert x86_64-pc-linux-gnu file names to x86_64-pc-linux-gnu format
configure:5047: result: func_convert_file_noop
configure:5054: checking how to convert x86_64-pc-linux-gnu file names to toolchain format
configure:5076: result: func_convert_file_noop
configure:5083: checking for /usr/x86_64-pc-linux-gnu/bin/ld option to reload object files
configure:5092: result: -r
configure:5172: checking for file
configure:5193: found /usr/sbin/file
configure:5205: result: file
configure:5282: checking for objdump
configure:5303: found /usr/sbin/objdump
configure:5315: result: objdump
configure:5347: checking how to recognize dependent libraries
configure:5549: result: pass_all
configure:5640: checking for dlltool
configure:5661: found /usr/lib/llvm/19/bin/dlltool
configure:5673: result: dlltool
configure:5706: checking how to associate runtime and link libraries
configure:5735: result: printf %s\n
configure:5802: checking for ar
configure:5823: found /usr/sbin/ar
configure:5835: result: ar
configure:5888: checking for archiver @FILE support
configure:5906: gcc -c -g -O2  conftest.c >&5
configure:5906: $? = 0
configure:5910: ar cr libconftest.a @conftest.lst >&5
configure:5913: $? = 0
configure:5918: ar cr libconftest.a @conftest.lst >&5
ar: conftest.o: No such file or directory
configure:5921: $? = 1
configure:5934: result: @
configure:5998: checking for strip
configure:6019: found /usr/sbin/strip
configure:6031: result: strip
configure:6109: checking for ranlib
configure:6130: found /usr/sbin/ranlib
configure:6142: result: ranlib
configure:6219: checking for gawk
configure:6240: found /usr/sbin/gawk
configure:6252: result: gawk
configure:6292: checking command to parse /usr/sbin/nm -B output from gcc object
configure:6446: gcc -c -g -O2  conftest.c >&5
configure:6449: $? = 0
configure:6453: /usr/sbin/nm -B conftest.o | /usr/sbin/sed -n -e 's/^.*[	 ]\([ABCDGIRSTW][ABCDGIRSTW]*\)[	 ][	 ]*\([_A-Za-z][_A-Za-z0-9]*\)$/\1 \2 \2/p' | /usr/sbin/sed '/ __gnu_lto/d' > conftest.nm
configure:6519: gcc -o conftest -g -O2   conftest.c conftstm.o >&5
configure:6522: $? = 0
configure:6561: result: ok
configure:6608: checking for sysroot
configure:6640: result: no
configure:6647: checking for a working dd
configure:6692: result: /usr/sbin/dd
configure:6696: checking how to truncate binary pipes
configure:6713: result: /usr/sbin/dd bs=4096 count=1
configure:6850: gcc -c -g -O2  conftest.c >&5
configure:6853: $? = 0
configure:7053: checking for mt
configure:7089: result: no
configure:7109: checking if : is a manifest tool
configure:7116: : '-?'
configure:7125: result: no
configure:7864: checking for stdio.h
configure:7864: gcc -c -g -O2  conftest.c >&5
configure:7864: $? = 0
configure:7864: result: yes
configure:7864: checking for stdlib.h
configure:7864: gcc -c -g -O2  conftest.c >&5
configure:7864: $? = 0
configure:7864: result: yes
configure:7864: checking for string.h
configure:7864: gcc -c -g -O2  conftest.c >&5
configure:7864: $? = 0
configure:7864: result: yes
configure:7864: checking for inttypes.h
configure:7864: gcc -c -g -O2  conftest.c >&5
configure:7864: $? = 0
configure:7864: result: yes
configure:7864: checking for stdint.h
configure:7864: gcc -c -g -O2  conftest.c >&5
configure:7864: $? = 0
configure:7864: result: yes
configure:7864: checking for strings.h
configure:7864: gcc -c -g -O2  conftest.c >&5
configure:7864: $? = 0
configure:7864: result: yes
configure:7864: checking for sys/stat.h
configure:7864: gcc -c -g -O2  conftest.c >&5
configure:7864: $? = 0
configure:7864: result: yes
configure:7864: checking for sys/types.h
configure:7864: gcc -c -g -O2  conftest.c >&5
configure:7864: $? = 0
configure:7864: result: yes
configure:7864: checking for unistd.h
configure:7864: gcc -c -g -O2  conftest.c >&5
configure:7864: $? = 0
configure:7864: result: yes
configure:7864: checking for sys/param.h
configure:7864: gcc -c -g -O2  conftest.c >&5
configure:7864: $? = 0
configure:7864: result: yes
configure:7889: checking for dlfcn.h
configure:7889: gcc -c -g -O2  conftest.c >&5
configure:7889: $? = 0
configure:7889: result: yes
configure:8154: checking for objdir
configure:8171: result: .libs
configure:8433: checking if gcc supports -fno-rtti -fno-exceptions
configure:8452: gcc -c -g -O2  -fno-rtti -fno-exceptions conftest.c >&5
cc1: warning: command-line option '-fno-rtti' is valid for C++/D/ObjC++ but not for C
configure:8456: $? = 0
configure:8470: result: no
configure:8834: checking for gcc option to produce PIC
configure:8843: result: -fPIC -DPIC
configure:8851: checking if gcc PIC flag -fPIC -DPIC works
configure:8870: gcc -c -g -O2  -fPIC -DPIC -DPIC conftest.c >&5
configure:8874: $? = 0
configure:8888: result: yes
configure:8917: checking if gcc static flag -static works
configure:8947: result: yes
configure:8962: checking if gcc supports -c -o file.o
configure:8984: gcc -c -g -O2  -o out/conftest2.o conftest.c >&5
configure:8988: $? = 0
configure:9011: result: yes
configure:9019: checking if gcc supports -c -o file.o
configure:9068: result: yes
configure:9101: checking whether the gcc linker (/usr/x86_64-pc-linux-gnu/bin/ld -m elf_x86_64) supports shared libraries
configure:10380: result: yes
configure:10417: checking whether -lc should be explicitly linked in
configure:10426: gcc -c -g -O2  conftest.c >&5
configure:10429: $? = 0
configure:10444: gcc -shared  -fPIC -DPIC conftest.o  -v -Wl,-soname -Wl,conftest -o conftest 2\>\&1 \| /usr/sbin/grep  -lc  \>/dev/null 2\>\&1
configure:10447: $? = 0
configure:10462: result: no
configure:10622: checking dynamic linker characteristics
configure:11204: gcc -o conftest -g -O2   -Wl,-rpath -Wl,/foo conftest.c  >&5
configure:11204: $? = 0
configure:11456: result: GNU/Linux ld.so
configure:11578: checking how to hardcode library paths into programs
configure:11603: result: immediate
configure:12203: checking whether stripping libraries is possible
configure:12212: result: yes
configure:12254: checking if libtool supports shared libraries
configure:12256: result: yes
configure:12259: checking whether to build shared libraries
configure:12284: result: yes
configure:12287: checking whether to build static libraries
configure:12291: result: yes
configure:12345: checking for a BSD-compatible install
configure:12419: result: /usr/bin/install -c
configure:12430: checking whether build environment is sane
configure:12485: result: yes
configure:12642: checking for a race-free mkdir -p
configure:12685: result: /usr/sbin/mkdir -p
configure:12688: checking whether make sets $(MAKE)
configure:12712: result: yes
configure:12734: checking whether make supports the include directive
configure:12749: make -f confmf.GNU && cat confinc.out
this is the am__doit target
configure:12752: $? = 0
configure:12771: result: yes (GNU style)
configure:12806: checking whether make supports nested variables
configure:12825: result: yes
configure:12906: checking dependency style of gcc
configure:13019: result: gcc3
configure:13104: checking whether compiler accepts "-fms-extensions"
configure:13113: result: yes
configure:13131: checking for C/C++ restrict keyword
configure:13161: gcc -c -g  -fms-extensions  conftest.c >&5
configure:13161: $? = 0
configure:13171: result: __restrict__
configure:13183: checking for arpa/inet.h
configure:13183: gcc -c -g  -fms-extensions  conftest.c >&5
configure:13183: $? = 0
configure:13183: result: yes
configure:13189: checking for assert.h
configure:13189: gcc -c -g  -fms-extensions  conftest.c >&5
configure:13189: $? = 0
configure:13189: result: yes
configure:13195: checking for fcntl.h
configure:13195: gcc -c -g  -fms-extensions  conftest.c >&5
configure:13195: $? = 0
configure:13195: result: yes
configure:13201: checking for inttypes.h
configure:13201: result: yes
configure:13207: checking for libgen.h
configure:13207: gcc -c -g  -fms-extensions  conftest.c >&5
configure:13207: $? = 0
configure:13207: result: yes
configure:13213: checking for math.h
configure:13213: gcc -c -g  -fms-extensions  conftest.c >&5
configure:13213: $? = 0
configure:13213: result: yes
configure:13219: checking for netdb.h
configure:13219: gcc -c -g  -fms-extensions  conftest.c >&5
configure:13219: $? = 0
configure:13219: result: yes
configure:13225: checking for netinet/in.h
configure:13225: gcc -c -g  -fms-extensions  conftest.c >&5
configure:13225: $? = 0
configure:13225: result: yes
configure:13231: checking for stdarg.h
configure:13231: gcc -c -g  -fms-extensions  conftest.c >&5
configure:13231: $? = 0
configure:13231: result: yes
configure:13237: checking for stdbool.h
configure:13237: gcc -c -g  -fms-extensions  conftest.c >&5
configure:13237: $? = 0
configure:13237: result: yes
configure:13243: checking for stdint.h
configure:13243: result: yes
configure:13249: checking for stdio.h
configure:13249: result: yes
configure:13255: checking for stdlib.h
configure:13255: result: yes
configure:13261: checking for string.h
configure:13261: result: yes
configure:13267: checking for sys/mman.h
configure:13267: gcc -c -g  -fms-extensions  conftest.c >&5
configure:13267: $? = 0
configure:13267: result: yes
configure:13273: checking for sys/socket.h
configure:13273: gcc -c -g  -fms-extensions  conftest.c >&5
configure:13273: $? = 0
configure:13273: result: yes
configure:13279: checking for sys/stat.h
configure:13279: result: yes
configure:13285: checking for sys/time.h
configure:13285: gcc -c -g  -fms-extensions  conftest.c >&5
configure:13285: $? = 0
configure:13285: result: yes
configure:13291: checking for sys/types.h
configure:13291: result: yes
configure:13297: checking for unistd.h
configure:13297: result: yes
configure:13316: checking for off_t
configure:13316: gcc -c -g  -fms-extensions  conftest.c >&5
configure:13316: $? = 0
configure:13316: gcc -c -g  -fms-extensions  conftest.c >&5
conftest.c: In function 'main':
conftest.c:76:20: error: expected expression before ')' token
   76 | if (sizeof ((off_t)))
      |                    ^
configure:13316: $? = 1
configure: failed program was:
| /* confdefs.h */
| #define PACKAGE_NAME "libmaxminddb"
| #define PACKAGE_TARNAME "libmaxminddb"
| #define PACKAGE_VERSION "1.12.2"
| #define PACKAGE_STRING "libmaxminddb 1.12.2"
| #define PACKAGE_BUGREPORT "support@maxmind.com"
| #define PACKAGE_URL ""
| #define HAVE_STDIO_H 1
| #define HAVE_STDLIB_H 1
| #define HAVE_STRING_H 1
| #define HAVE_INTTYPES_H 1
| #define HAVE_STDINT_H 1
| #define HAVE_STRINGS_H 1
| #define HAVE_SYS_STAT_H 1
| #define HAVE_SYS_TYPES_H 1
| #define HAVE_UNISTD_H 1
| #define HAVE_SYS_PARAM_H 1
| #define STDC_HEADERS 1
| #define HAVE_DLFCN_H 1
| #define LT_OBJDIR ".libs/"
| #define PACKAGE "libmaxminddb"
| #define VERSION "1.12.2"
| #define restrict __restrict__
| #define HAVE_ARPA_INET_H 1
| #define HAVE_ASSERT_H 1
| #define HAVE_FCNTL_H 1
| #define HAVE_INTTYPES_H 1
| #define HAVE_LIBGEN_H 1
| #define HAVE_MATH_H 1
| #define HAVE_NETDB_H 1
| #define HAVE_NETINET_IN_H 1
| #define HAVE_STDARG_H 1
| #define HAVE_STDBOOL_H 1
| #define HAVE_STDINT_H 1
| #define HAVE_STDIO_H 1
| #define HAVE_STDLIB_H 1
| #define HAVE_STRING_H 1
| #define HAVE_SYS_MMAN_H 1
| #define HAVE_SYS_SOCKET_H 1
| #define HAVE_SYS_STAT_H 1
| #define HAVE_SYS_TIME_H 1
| #define HAVE_SYS_TYPES_H 1
| #define HAVE_UNISTD_H 1
| /* end confdefs.h.  */
| #include <stddef.h>
| #ifdef HAVE_STDIO_H
| # include <stdio.h>
| #endif
| #ifdef HAVE_STDLIB_H
| # include <stdlib.h>
| #endif
| #ifdef HAVE_STRING_H
| # include <string.h>
| #endif
| #ifdef HAVE_INTTYPES_H
| # include <inttypes.h>
| #endif
| #ifdef HAVE_STDINT_H
| # include <stdint.h>
| #endif
| #ifdef HAVE_STRINGS_H
| # include <strings.h>
| #endif
| #ifdef HAVE_SYS_TYPES_H
| # include <sys/types.h>
| #endif
| #ifdef HAVE_SYS_STAT_H
| # include <sys/stat.h>
| #endif
| #ifdef HAVE_UNISTD_H
| # include <unistd.h>
| #endif
| int
| main (void)
| {
| if (sizeof ((off_t)))
| 	    return 0;
|   ;
|   return 0;
| }
configure:13316: result: yes
configure:13327: checking for size_t
configure:13327: gcc -c -g  -fms-extensions  conftest.c >&5
configure:13327: $? = 0
configure:13327: gcc -c -g  -fms-extensions  conftest.c >&5
conftest.c: In function 'main':
conftest.c:76:21: error: expected expression before ')' token
   76 | if (sizeof ((size_t)))
      |                     ^
configure:13327: $? = 1
configure: failed program was:
| /* confdefs.h */
| #define PACKAGE_NAME "libmaxminddb"
| #define PACKAGE_TARNAME "libmaxminddb"
| #define PACKAGE_VERSION "1.12.2"
| #define PACKAGE_STRING "libmaxminddb 1.12.2"
| #define PACKAGE_BUGREPORT "support@maxmind.com"
| #define PACKAGE_URL ""
| #define HAVE_STDIO_H 1
| #define HAVE_STDLIB_H 1
| #define HAVE_STRING_H 1
| #define HAVE_INTTYPES_H 1
| #define HAVE_STDINT_H 1
| #define HAVE_STRINGS_H 1
| #define HAVE_SYS_STAT_H 1
| #define HAVE_SYS_TYPES_H 1
| #define HAVE_UNISTD_H 1
| #define HAVE_SYS_PARAM_H 1
| #define STDC_HEADERS 1
| #define HAVE_DLFCN_H 1
| #define LT_OBJDIR ".libs/"
| #define PACKAGE "libmaxminddb"
| #define VERSION "1.12.2"
| #define restrict __restrict__
| #define HAVE_ARPA_INET_H 1
| #define HAVE_ASSERT_H 1
| #define HAVE_FCNTL_H 1
| #define HAVE_INTTYPES_H 1
| #define HAVE_LIBGEN_H 1
| #define HAVE_MATH_H 1
| #define HAVE_NETDB_H 1
| #define HAVE_NETINET_IN_H 1
| #define HAVE_STDARG_H 1
| #define HAVE_STDBOOL_H 1
| #define HAVE_STDINT_H 1
| #define HAVE_STDIO_H 1
| #define HAVE_STDLIB_H 1
| #define HAVE_STRING_H 1
| #define HAVE_SYS_MMAN_H 1
| #define HAVE_SYS_SOCKET_H 1
| #define HAVE_SYS_STAT_H 1
| #define HAVE_SYS_TIME_H 1
| #define HAVE_SYS_TYPES_H 1
| #define HAVE_UNISTD_H 1
| /* end confdefs.h.  */
| #include <stddef.h>
| #ifdef HAVE_STDIO_H
| # include <stdio.h>
| #endif
| #ifdef HAVE_STDLIB_H
| # include <stdlib.h>
| #endif
| #ifdef HAVE_STRING_H
| # include <string.h>
| #endif
| #ifdef HAVE_INTTYPES_H
| # include <inttypes.h>
| #endif
| #ifdef HAVE_STDINT_H
| # include <stdint.h>
| #endif
| #ifdef HAVE_STRINGS_H
| # include <strings.h>
| #endif
| #ifdef HAVE_SYS_TYPES_H
| # include <sys/types.h>
| #endif
| #ifdef HAVE_SYS_STAT_H
| # include <sys/stat.h>
| #endif
| #ifdef HAVE_UNISTD_H
| # include <unistd.h>
| #endif
| int
| main (void)
| {
| if (sizeof ((size_t)))
| 	    return 0;
|   ;
|   return 0;
| }
configure:13327: result: yes
configure:13338: checking for ssize_t
configure:13338: gcc -c -g  -fms-extensions  conftest.c >&5
configure:13338: $? = 0
configure:13338: gcc -c -g  -fms-extensions  conftest.c >&5
conftest.c: In function 'main':
conftest.c:76:22: error: expected expression before ')' token
   76 | if (sizeof ((ssize_t)))
      |                      ^
configure:13338: $? = 1
configure: failed program was:
| /* confdefs.h */
| #define PACKAGE_NAME "libmaxminddb"
| #define PACKAGE_TARNAME "libmaxminddb"
| #define PACKAGE_VERSION "1.12.2"
| #define PACKAGE_STRING "libmaxminddb 1.12.2"
| #define PACKAGE_BUGREPORT "support@maxmind.com"
| #define PACKAGE_URL ""
| #define HAVE_STDIO_H 1
| #define HAVE_STDLIB_H 1
| #define HAVE_STRING_H 1
| #define HAVE_INTTYPES_H 1
| #define HAVE_STDINT_H 1
| #define HAVE_STRINGS_H 1
| #define HAVE_SYS_STAT_H 1
| #define HAVE_SYS_TYPES_H 1
| #define HAVE_UNISTD_H 1
| #define HAVE_SYS_PARAM_H 1
| #define STDC_HEADERS 1
| #define HAVE_DLFCN_H 1
| #define LT_OBJDIR ".libs/"
| #define PACKAGE "libmaxminddb"
| #define VERSION "1.12.2"
| #define restrict __restrict__
| #define HAVE_ARPA_INET_H 1
| #define HAVE_ASSERT_H 1
| #define HAVE_FCNTL_H 1
| #define HAVE_INTTYPES_H 1
| #define HAVE_LIBGEN_H 1
| #define HAVE_MATH_H 1
| #define HAVE_NETDB_H 1
| #define HAVE_NETINET_IN_H 1
| #define HAVE_STDARG_H 1
| #define HAVE_STDBOOL_H 1
| #define HAVE_STDINT_H 1
| #define HAVE_STDIO_H 1
| #define HAVE_STDLIB_H 1
| #define HAVE_STRING_H 1
| #define HAVE_SYS_MMAN_H 1
| #define HAVE_SYS_SOCKET_H 1
| #define HAVE_SYS_STAT_H 1
| #define HAVE_SYS_TIME_H 1
| #define HAVE_SYS_TYPES_H 1
| #define HAVE_UNISTD_H 1
| /* end confdefs.h.  */
| #include <stddef.h>
| #ifdef HAVE_STDIO_H
| # include <stdio.h>
| #endif
| #ifdef HAVE_STDLIB_H
| # include <stdlib.h>
| #endif
| #ifdef HAVE_STRING_H
| # include <string.h>
| #endif
| #ifdef HAVE_INTTYPES_H
| # include <inttypes.h>
| #endif
| #ifdef HAVE_STDINT_H
| # include <stdint.h>
| #endif
| #ifdef HAVE_STRINGS_H
| # include <strings.h>
| #endif
| #ifdef HAVE_SYS_TYPES_H
| # include <sys/types.h>
| #endif
| #ifdef HAVE_SYS_STAT_H
| # include <sys/stat.h>
| #endif
| #ifdef HAVE_UNISTD_H
| # include <unistd.h>
| #endif
| int
| main (void)
| {
| if (sizeof ((ssize_t)))
| 	    return 0;
|   ;
|   return 0;
| }
configure:13338: result: yes
configure:13349: checking for uint8_t
configure:13349: gcc -c -g  -fms-extensions  conftest.c >&5
configure:13349: $? = 0
configure:13349: result: yes
configure:13361: checking for uint32_t
configure:13361: gcc -c -g  -fms-extensions  conftest.c >&5
configure:13361: $? = 0
configure:13361: result: yes
configure:13373: checking for uint64_t
configure:13373: gcc -c -g  -fms-extensions  conftest.c >&5
configure:13373: $? = 0
configure:13373: result: yes
configure:13402: checking for unsigned __int128
configure:13402: gcc -c -g  -fms-extensions  conftest.c >&5
configure:13402: $? = 0
configure:13402: gcc -c -g  -fms-extensions  conftest.c >&5
conftest.c: In function 'main':
conftest.c:76:32: error: expected expression before ')' token
   76 | if (sizeof ((unsigned __int128)))
      |                                ^
configure:13402: $? = 1
configure: failed program was:
| /* confdefs.h */
| #define PACKAGE_NAME "libmaxminddb"
| #define PACKAGE_TARNAME "libmaxminddb"
| #define PACKAGE_VERSION "1.12.2"
| #define PACKAGE_STRING "libmaxminddb 1.12.2"
| #define PACKAGE_BUGREPORT "support@maxmind.com"
| #define PACKAGE_URL ""
| #define HAVE_STDIO_H 1
| #define HAVE_STDLIB_H 1
| #define HAVE_STRING_H 1
| #define HAVE_INTTYPES_H 1
| #define HAVE_STDINT_H 1
| #define HAVE_STRINGS_H 1
| #define HAVE_SYS_STAT_H 1
| #define HAVE_SYS_TYPES_H 1
| #define HAVE_UNISTD_H 1
| #define HAVE_SYS_PARAM_H 1
| #define STDC_HEADERS 1
| #define HAVE_DLFCN_H 1
| #define LT_OBJDIR ".libs/"
| #define PACKAGE "libmaxminddb"
| #define VERSION "1.12.2"
| #define restrict __restrict__
| #define HAVE_ARPA_INET_H 1
| #define HAVE_ASSERT_H 1
| #define HAVE_FCNTL_H 1
| #define HAVE_INTTYPES_H 1
| #define HAVE_LIBGEN_H 1
| #define HAVE_MATH_H 1
| #define HAVE_NETDB_H 1
| #define HAVE_NETINET_IN_H 1
| #define HAVE_STDARG_H 1
| #define HAVE_STDBOOL_H 1
| #define HAVE_STDINT_H 1
| #define HAVE_STDIO_H 1
| #define HAVE_STDLIB_H 1
| #define HAVE_STRING_H 1
| #define HAVE_SYS_MMAN_H 1
| #define HAVE_SYS_SOCKET_H 1
| #define HAVE_SYS_STAT_H 1
| #define HAVE_SYS_TIME_H 1
| #define HAVE_SYS_TYPES_H 1
| #define HAVE_UNISTD_H 1
| /* end confdefs.h.  */
| #include <stddef.h>
| #ifdef HAVE_STDIO_H
| # include <stdio.h>
| #endif
| #ifdef HAVE_STDLIB_H
| # include <stdlib.h>
| #endif
| #ifdef HAVE_STRING_H
| # include <string.h>
| #endif
| #ifdef HAVE_INTTYPES_H
| # include <inttypes.h>
| #endif
| #ifdef HAVE_STDINT_H
| # include <stdint.h>
| #endif
| #ifdef HAVE_STRINGS_H
| # include <strings.h>
| #endif
| #ifdef HAVE_SYS_TYPES_H
| # include <sys/types.h>
| #endif
| #ifdef HAVE_SYS_STAT_H
| # include <sys/stat.h>
| #endif
| #ifdef HAVE_UNISTD_H
| # include <unistd.h>
| #endif
| int
| main (void)
| {
| if (sizeof ((unsigned __int128)))
| 	    return 0;
|   ;
|   return 0;
| }
configure:13402: result: yes
configure:13430: checking for boolean
configure:13430: gcc -c -g  -fms-extensions  conftest.c >&5
conftest.c: In function 'main':
conftest.c:77:13: error: 'boolean' undeclared (first use in this function)
   77 | if (sizeof (boolean))
      |             ^~~~~~~
conftest.c:77:13: note: each undeclared identifier is reported only once for each function it appears in
configure:13430: $? = 1
configure: failed program was:
| /* confdefs.h */
| #define PACKAGE_NAME "libmaxminddb"
| #define PACKAGE_TARNAME "libmaxminddb"
| #define PACKAGE_VERSION "1.12.2"
| #define PACKAGE_STRING "libmaxminddb 1.12.2"
| #define PACKAGE_BUGREPORT "support@maxmind.com"
| #define PACKAGE_URL ""
| #define HAVE_STDIO_H 1
| #define HAVE_STDLIB_H 1
| #define HAVE_STRING_H 1
| #define HAVE_INTTYPES_H 1
| #define HAVE_STDINT_H 1
| #define HAVE_STRINGS_H 1
| #define HAVE_SYS_STAT_H 1
| #define HAVE_SYS_TYPES_H 1
| #define HAVE_UNISTD_H 1
| #define HAVE_SYS_PARAM_H 1
| #define STDC_HEADERS 1
| #define HAVE_DLFCN_H 1
| #define LT_OBJDIR ".libs/"
| #define PACKAGE "libmaxminddb"
| #define VERSION "1.12.2"
| #define restrict __restrict__
| #define HAVE_ARPA_INET_H 1
| #define HAVE_ASSERT_H 1
| #define HAVE_FCNTL_H 1
| #define HAVE_INTTYPES_H 1
| #define HAVE_LIBGEN_H 1
| #define HAVE_MATH_H 1
| #define HAVE_NETDB_H 1
| #define HAVE_NETINET_IN_H 1
| #define HAVE_STDARG_H 1
| #define HAVE_STDBOOL_H 1
| #define HAVE_STDINT_H 1
| #define HAVE_STDIO_H 1
| #define HAVE_STDLIB_H 1
| #define HAVE_STRING_H 1
| #define HAVE_SYS_MMAN_H 1
| #define HAVE_SYS_SOCKET_H 1
| #define HAVE_SYS_STAT_H 1
| #define HAVE_SYS_TIME_H 1
| #define HAVE_SYS_TYPES_H 1
| #define HAVE_UNISTD_H 1
| #define MMDB_UINT128_IS_BYTE_ARRAY 0
| /* end confdefs.h.  */
| #include <stddef.h>
| #ifdef HAVE_STDIO_H
| # include <stdio.h>
| #endif
| #ifdef HAVE_STDLIB_H
| # include <stdlib.h>
| #endif
| #ifdef HAVE_STRING_H
| # include <string.h>
| #endif
| #ifdef HAVE_INTTYPES_H
| # include <inttypes.h>
| #endif
| #ifdef HAVE_STDINT_H
| # include <stdint.h>
| #endif
| #ifdef HAVE_STRINGS_H
| # include <strings.h>
| #endif
| #ifdef HAVE_SYS_TYPES_H
| # include <sys/types.h>
| #endif
| #ifdef HAVE_SYS_STAT_H
| # include <sys/stat.h>
| #endif
| #ifdef HAVE_UNISTD_H
| # include <unistd.h>
| #endif
| int
| main (void)
| {
| if (sizeof (boolean))
| 	 return 0;
|   ;
|   return 0;
| }
configure:13430: result: no
configure:13440: checking for clock_gettime
configure:13440: gcc -o conftest -g  -fms-extensions   conftest.c  >&5
configure:13440: $? = 0
configure:13440: result: yes
configure:13446: checking for open_memstream
configure:13446: gcc -o conftest -g  -fms-extensions   conftest.c  >&5
configure:13446: $? = 0
configure:13446: result: yes
configure:13454: checking whether byte ordering is bigendian
configure:13470: gcc -c -g  -fms-extensions  conftest.c >&5
conftest.c:49:16: error: unknown type name 'not'
   49 |                not a universal capable compiler
      |                ^~~
conftest.c:49:22: error: expected '=', ',', ';', 'asm' or '__attribute__' before 'universal'
   49 |                not a universal capable compiler
      |                      ^~~~~~~~~
conftest.c:49:22: error: unknown type name 'universal'
configure:13470: $? = 1
configure: failed program was:
| /* confdefs.h */
| #define PACKAGE_NAME "libmaxminddb"
| #define PACKAGE_TARNAME "libmaxminddb"
| #define PACKAGE_VERSION "1.12.2"
| #define PACKAGE_STRING "libmaxminddb 1.12.2"
| #define PACKAGE_BUGREPORT "support@maxmind.com"
| #define PACKAGE_URL ""
| #define HAVE_STDIO_H 1
| #define HAVE_STDLIB_H 1
| #define HAVE_STRING_H 1
| #define HAVE_INTTYPES_H 1
| #define HAVE_STDINT_H 1
| #define HAVE_STRINGS_H 1
| #define HAVE_SYS_STAT_H 1
| #define HAVE_SYS_TYPES_H 1
| #define HAVE_UNISTD_H 1
| #define HAVE_SYS_PARAM_H 1
| #define STDC_HEADERS 1
| #define HAVE_DLFCN_H 1
| #define LT_OBJDIR ".libs/"
| #define PACKAGE "libmaxminddb"
| #define VERSION "1.12.2"
| #define restrict __restrict__
| #define HAVE_ARPA_INET_H 1
| #define HAVE_ASSERT_H 1
| #define HAVE_FCNTL_H 1
| #define HAVE_INTTYPES_H 1
| #define HAVE_LIBGEN_H 1
| #define HAVE_MATH_H 1
| #define HAVE_NETDB_H 1
| #define HAVE_NETINET_IN_H 1
| #define HAVE_STDARG_H 1
| #define HAVE_STDBOOL_H 1
| #define HAVE_STDINT_H 1
| #define HAVE_STDIO_H 1
| #define HAVE_STDLIB_H 1
| #define HAVE_STRING_H 1
| #define HAVE_SYS_MMAN_H 1
| #define HAVE_SYS_SOCKET_H 1
| #define HAVE_SYS_STAT_H 1
| #define HAVE_SYS_TIME_H 1
| #define HAVE_SYS_TYPES_H 1
| #define HAVE_UNISTD_H 1
| #define MMDB_UINT128_IS_BYTE_ARRAY 0
| #define HAVE_CLOCK_GETTIME 1
| #define HAVE_OPEN_MEMSTREAM 1
| /* end confdefs.h.  */
| #ifndef __APPLE_CC__
| 	       not a universal capable compiler
| 	     #endif
| 	     typedef int dummy;
| 
configure:13516: gcc -c -g  -fms-extensions  conftest.c >&5
configure:13516: $? = 0
configure:13535: gcc -c -g  -fms-extensions  conftest.c >&5
conftest.c: In function 'main':
conftest.c:55:18: error: unknown type name 'not'; did you mean 'ino_t'?
   55 |                  not big endian
      |                  ^~~
      |                  ino_t
conftest.c:55:26: error: expected '=', ',', ';', 'asm' or '__attribute__' before 'endian'
   55 |                  not big endian
      |                          ^~~~~~
configure:13535: $? = 1
configure: failed program was:
| /* confdefs.h */
| #define PACKAGE_NAME "libmaxminddb"
| #define PACKAGE_TARNAME "libmaxminddb"
| #define PACKAGE_VERSION "1.12.2"
| #define PACKAGE_STRING "libmaxminddb 1.12.2"
| #define PACKAGE_BUGREPORT "support@maxmind.com"
| #define PACKAGE_URL ""
| #define HAVE_STDIO_H 1
| #define HAVE_STDLIB_H 1
| #define HAVE_STRING_H 1
| #define HAVE_INTTYPES_H 1
| #define HAVE_STDINT_H 1
| #define HAVE_STRINGS_H 1
| #define HAVE_SYS_STAT_H 1
| #define HAVE_SYS_TYPES_H 1
| #define HAVE_UNISTD_H 1
| #define HAVE_SYS_PARAM_H 1
| #define STDC_HEADERS 1
| #define HAVE_DLFCN_H 1
| #define LT_OBJDIR ".libs/"
| #define PACKAGE "libmaxminddb"
| #define VERSION "1.12.2"
| #define restrict __restrict__
| #define HAVE_ARPA_INET_H 1
| #define HAVE_ASSERT_H 1
| #define HAVE_FCNTL_H 1
| #define HAVE_INTTYPES_H 1
| #define HAVE_LIBGEN_H 1
| #define HAVE_MATH_H 1
| #define HAVE_NETDB_H 1
| #define HAVE_NETINET_IN_H 1
| #define HAVE_STDARG_H 1
| #define HAVE_STDBOOL_H 1
| #define HAVE_STDINT_H 1
| #define HAVE_STDIO_H 1
| #define HAVE_STDLIB_H 1
| #define HAVE_STRING_H 1
| #define HAVE_SYS_MMAN_H 1
| #define HAVE_SYS_SOCKET_H 1
| #define HAVE_SYS_STAT_H 1
| #define HAVE_SYS_TIME_H 1
| #define HAVE_SYS_TYPES_H 1
| #define HAVE_UNISTD_H 1
| #define MMDB_UINT128_IS_BYTE_ARRAY 0
| #define HAVE_CLOCK_GETTIME 1
| #define HAVE_OPEN_MEMSTREAM 1
| /* end confdefs.h.  */
| #include <sys/types.h>
| 		#include <sys/param.h>
| 
| int
| main (void)
| {
| #if BYTE_ORDER != BIG_ENDIAN
| 		 not big endian
| 		#endif
| 
|   ;
|   return 0;
| }
configure:13676: result: no
configure:13703: checking for getpagesize
configure:13703: gcc -o conftest -g  -fms-extensions   conftest.c  >&5
configure:13703: $? = 0
configure:13703: result: yes
configure:13714: checking for working mmap
configure:13864: gcc -o conftest -g  -fms-extensions   conftest.c  >&5
configure:13864: $? = 0
configure:13864: ./conftest
configure:13864: $? = 0
configure:13878: result: yes
configure:13888: checking for library containing fabs
configure:13924: gcc -o conftest -g  -fms-extensions   conftest.c  >&5
conftest.c:61:6: warning: conflicting types for built-in function 'fabs'; expected 'double(double)' [-Wbuiltin-declaration-mismatch]
   61 | char fabs (void);
      |      ^~~~
conftest.c:1:1: note: 'fabs' is declared in header '<math.h>'
    1 | /* confdefs.h */
/usr/lib/gcc/x86_64-pc-linux-gnu/14/../../../../x86_64-pc-linux-gnu/bin/ld: /tmp/ccD5KBxo.o: in function `main':
/home/user/Desktop/project/server-source-code/libmaxminddb-1.12.2/conftest.c:65:(.text+0x9): undefined reference to `fabs'
collect2: error: ld returned 1 exit status
configure:13924: $? = 1
configure: failed program was:
| /* confdefs.h */
| #define PACKAGE_NAME "libmaxminddb"
| #define PACKAGE_TARNAME "libmaxminddb"
| #define PACKAGE_VERSION "1.12.2"
| #define PACKAGE_STRING "libmaxminddb 1.12.2"
| #define PACKAGE_BUGREPORT "support@maxmind.com"
| #define PACKAGE_URL ""
| #define HAVE_STDIO_H 1
| #define HAVE_STDLIB_H 1
| #define HAVE_STRING_H 1
| #define HAVE_INTTYPES_H 1
| #define HAVE_STDINT_H 1
| #define HAVE_STRINGS_H 1
| #define HAVE_SYS_STAT_H 1
| #define HAVE_SYS_TYPES_H 1
| #define HAVE_UNISTD_H 1
| #define HAVE_SYS_PARAM_H 1
| #define STDC_HEADERS 1
| #define HAVE_DLFCN_H 1
| #define LT_OBJDIR ".libs/"
| #define PACKAGE "libmaxminddb"
| #define VERSION "1.12.2"
| #define restrict __restrict__
| #define HAVE_ARPA_INET_H 1
| #define HAVE_ASSERT_H 1
| #define HAVE_FCNTL_H 1
| #define HAVE_INTTYPES_H 1
| #define HAVE_LIBGEN_H 1
| #define HAVE_MATH_H 1
| #define HAVE_NETDB_H 1
| #define HAVE_NETINET_IN_H 1
| #define HAVE_STDARG_H 1
| #define HAVE_STDBOOL_H 1
| #define HAVE_STDINT_H 1
| #define HAVE_STDIO_H 1
| #define HAVE_STDLIB_H 1
| #define HAVE_STRING_H 1
| #define HAVE_SYS_MMAN_H 1
| #define HAVE_SYS_SOCKET_H 1
| #define HAVE_SYS_STAT_H 1
| #define HAVE_SYS_TIME_H 1
| #define HAVE_SYS_TYPES_H 1
| #define HAVE_UNISTD_H 1
| #define MMDB_UINT128_IS_BYTE_ARRAY 0
| #define HAVE_CLOCK_GETTIME 1
| #define HAVE_OPEN_MEMSTREAM 1
| #define MMDB_LITTLE_ENDIAN 1
| #define HAVE_GETPAGESIZE 1
| #define HAVE_MMAP 1
| /* end confdefs.h.  */
| 
| /* Override any GCC internal prototype to avoid an error.
|    Use char because int might match the return type of a GCC
|    builtin and then its argument prototype would still apply.
|    The 'extern "C"' is for builds by C++ compilers;
|    although this is not generally supported in C code supporting it here
|    has little cost and some practical benefit (sr 110532).  */
| #ifdef __cplusplus
| extern "C"
| #endif
| char fabs (void);
| int
| main (void)
| {
| return fabs ();
|   ;
|   return 0;
| }
configure:13924: gcc -o conftest -g  -fms-extensions   conftest.c -lm   >&5
conftest.c:61:6: warning: conflicting types for built-in function 'fabs'; expected 'double(double)' [-Wbuiltin-declaration-mismatch]
   61 | char fabs (void);
      |      ^~~~
conftest.c:1:1: note: 'fabs' is declared in header '<math.h>'
    1 | /* confdefs.h */
configure:13924: $? = 0
configure:13946: result: -lm
configure:13955: checking for library containing fabsf
configure:13991: gcc -o conftest -g  -fms-extensions   conftest.c -lm  >&5
conftest.c:61:6: warning: conflicting types for built-in function 'fabsf'; expected 'float(float)' [-Wbuiltin-declaration-mismatch]
   61 | char fabsf (void);
      |      ^~~~~
conftest.c:1:1: note: 'fabsf' is declared in header '<math.h>'
    1 | /* confdefs.h */
configure:13991: $? = 0
configure:14013: result: none required
configure:14022: checking for library containing getaddrinfo
configure:14058: gcc -o conftest -g  -fms-extensions   conftest.c -lm  >&5
configure:14058: $? = 0
configure:14080: result: none required
configure:14251: checking that generated files are newer than configure
configure:14257: result: done
configure:14297: creating ./config.status

## ---------------------- ##
## Running config.status. ##
## ---------------------- ##

This file was extended by libmaxminddb config.status 1.12.2, which was
generated by GNU Autoconf 2.72.  Invocation command line was

  CONFIG_FILES    = 
  CONFIG_HEADERS  = 
  CONFIG_LINKS    = 
  CONFIG_COMMANDS = 
  $ ./config.status 

on localhost

config.status:1130: creating src/libmaxminddb.pc
config.status:1130: creating Makefile
config.status:1130: creating src/Makefile
config.status:1130: creating bin/Makefile
config.status:1130: creating t/Makefile
config.status:1130: creating config.h
config.status:1311: config.h is unchanged
config.status:1130: creating include/maxminddb_config.h
config.status:1311: include/maxminddb_config.h is unchanged
config.status:1359: executing libtool commands
config.status:1359: executing depfiles commands
config.status:1985: cd src       && sed -e '/# am--include-marker/d' Makefile         | make -f - am--depfiles
make: Nothing to be done for 'am--depfiles'.
config.status:1990: $? = 0
config.status:1985: cd bin       && sed -e '/# am--include-marker/d' Makefile         | make -f - am--depfiles
make: Nothing to be done for 'am--depfiles'.
config.status:1990: $? = 0
config.status:1985: cd t       && sed -e '/# am--include-marker/d' Makefile         | make -f - am--depfiles
make: Nothing to be done for 'am--depfiles'.
config.status:1990: $? = 0

## ---------------- ##
## Cache variables. ##
## ---------------- ##

ac_cv_build=x86_64-pc-linux-gnu
ac_cv_c_bigendian=no
ac_cv_c_compiler_gnu=yes
ac_cv_c_restrict=__restrict__
ac_cv_c_uint32_t=yes
ac_cv_c_uint64_t=yes
ac_cv_c_uint8_t=yes
ac_cv_env_CC_set=
ac_cv_env_CC_value=
ac_cv_env_CFLAGS_set=
ac_cv_env_CFLAGS_value=
ac_cv_env_CPPFLAGS_set=
ac_cv_env_CPPFLAGS_value=
ac_cv_env_LDFLAGS_set=
ac_cv_env_LDFLAGS_value=
ac_cv_env_LIBS_set=
ac_cv_env_LIBS_value=
ac_cv_env_LT_SYS_LIBRARY_PATH_set=
ac_cv_env_LT_SYS_LIBRARY_PATH_value=
ac_cv_env_PKG_CONFIG_LIBDIR_set=
ac_cv_env_PKG_CONFIG_LIBDIR_value=
ac_cv_env_PKG_CONFIG_PATH_set=
ac_cv_env_PKG_CONFIG_PATH_value=
ac_cv_env_PKG_CONFIG_set=
ac_cv_env_PKG_CONFIG_value=
ac_cv_env_build_alias_set=
ac_cv_env_build_alias_value=
ac_cv_env_host_alias_set=
ac_cv_env_host_alias_value=
ac_cv_env_target_alias_set=
ac_cv_env_target_alias_value=
ac_cv_func_clock_gettime=yes
ac_cv_func_getpagesize=yes
ac_cv_func_mmap_fixed_mapped=yes
ac_cv_func_open_memstream=yes
ac_cv_header_arpa_inet_h=yes
ac_cv_header_assert_h=yes
ac_cv_header_dlfcn_h=yes
ac_cv_header_fcntl_h=yes
ac_cv_header_inttypes_h=yes
ac_cv_header_libgen_h=yes
ac_cv_header_math_h=yes
ac_cv_header_netdb_h=yes
ac_cv_header_netinet_in_h=yes
ac_cv_header_stdarg_h=yes
ac_cv_header_stdbool_h=yes
ac_cv_header_stdint_h=yes
ac_cv_header_stdio_h=yes
ac_cv_header_stdlib_h=yes
ac_cv_header_string_h=yes
ac_cv_header_strings_h=yes
ac_cv_header_sys_mman_h=yes
ac_cv_header_sys_param_h=yes
ac_cv_header_sys_socket_h=yes
ac_cv_header_sys_stat_h=yes
ac_cv_header_sys_time_h=yes
ac_cv_header_sys_types_h=yes
ac_cv_header_unistd_h=yes
ac_cv_host=x86_64-pc-linux-gnu
ac_cv_objext=o
ac_cv_path_EGREP='/usr/sbin/grep -E'
ac_cv_path_EGREP_TRADITIONAL='/usr/sbin/grep -E'
ac_cv_path_FGREP='/usr/sbin/grep -F'
ac_cv_path_GREP=/usr/sbin/grep
ac_cv_path_SED=/usr/sbin/sed
ac_cv_path_ac_pt_PKG_CONFIG=/usr/sbin/pkg-config
ac_cv_path_install='/usr/bin/install -c'
ac_cv_path_lt_DD=/usr/sbin/dd
ac_cv_path_mkdir=/usr/sbin/mkdir
ac_cv_prog_AWK=gawk
ac_cv_prog_ac_ct_AR=ar
ac_cv_prog_ac_ct_CC=gcc
ac_cv_prog_ac_ct_DLLTOOL=dlltool
ac_cv_prog_ac_ct_FILECMD=file
ac_cv_prog_ac_ct_OBJDUMP=objdump
ac_cv_prog_ac_ct_RANLIB=ranlib
ac_cv_prog_ac_ct_STRIP=strip
ac_cv_prog_cc_c11=
ac_cv_prog_cc_g=yes
ac_cv_prog_cc_stdc=
ac_cv_prog_make_make_set=yes
ac_cv_search_fabs=-lm
ac_cv_search_fabsf='none required'
ac_cv_search_getaddrinfo='none required'
ac_cv_type_boolean=no
ac_cv_type_off_t=yes
ac_cv_type_size_t=yes
ac_cv_type_ssize_t=yes
ac_cv_type_unsigned___int128=yes
am_cv_CC_dependencies_compiler_type=gcc3
am_cv_make_support_nested_variables=yes
am_cv_prog_cc_c_o=yes
lt_cv_ar_at_file=@
lt_cv_archive_cmds_need_lc=no
lt_cv_deplibs_check_method=pass_all
lt_cv_file_magic_cmd='$MAGIC_CMD'
lt_cv_file_magic_test_file=
lt_cv_ld_reload_flag=-r
lt_cv_nm_interface='BSD nm'
lt_cv_objdir=.libs
lt_cv_path_LD=/usr/x86_64-pc-linux-gnu/bin/ld
lt_cv_path_NM='/usr/sbin/nm -B'
lt_cv_path_mainfest_tool=no
lt_cv_prog_compiler_c_o=yes
lt_cv_prog_compiler_pic='-fPIC -DPIC'
lt_cv_prog_compiler_pic_works=yes
lt_cv_prog_compiler_rtti_exceptions=no
lt_cv_prog_compiler_static_works=yes
lt_cv_prog_gnu_ld=yes
lt_cv_sharedlib_from_linklib_cmd='printf %s\n'
lt_cv_shlibpath_overrides_runpath=yes
lt_cv_sys_global_symbol_pipe='/usr/sbin/sed -n -e '\''s/^.*[	 ]\([ABCDGIRSTW][ABCDGIRSTW]*\)[	 ][	 ]*\([_A-Za-z][_A-Za-z0-9]*\)$/\1 \2 \2/p'\'' | /usr/sbin/sed '\''/ __gnu_lto/d'\'''
lt_cv_sys_global_symbol_to_c_name_address='/usr/sbin/sed -n -e '\''s/^: \(.*\) .*$/  {"\1", (void *) 0},/p'\'' -e '\''s/^[ABCDGIRSTW][ABCDGIRSTW]* .* \(.*\)$/  {"\1", (void *) \&\1},/p'\'''
lt_cv_sys_global_symbol_to_c_name_address_lib_prefix='/usr/sbin/sed -n -e '\''s/^: \(.*\) .*$/  {"\1", (void *) 0},/p'\'' -e '\''s/^[ABCDGIRSTW][ABCDGIRSTW]* .* \(lib.*\)$/  {"\1", (void *) \&\1},/p'\'' -e '\''s/^[ABCDGIRSTW][ABCDGIRSTW]* .* \(.*\)$/  {"lib\1", (void *) \&\1},/p'\'''
lt_cv_sys_global_symbol_to_cdecl='/usr/sbin/sed -n -e '\''s/^T .* \(.*\)$/extern int \1();/p'\'' -e '\''s/^[ABCDGIRSTW][ABCDGIRSTW]* .* \(.*\)$/extern char \1;/p'\'''
lt_cv_sys_global_symbol_to_import=
lt_cv_sys_max_cmd_len=1572864
lt_cv_to_host_file_cmd=func_convert_file_noop
lt_cv_to_tool_file_cmd=func_convert_file_noop
lt_cv_truncate_bin='/usr/sbin/dd bs=4096 count=1'

## ----------------- ##
## Output variables. ##
## ----------------- ##

ACLOCAL='${SHELL} '\''/home/user/Desktop/project/server-source-code/libmaxminddb-1.12.2/missing'\'' aclocal-1.16'
AMDEPBACKSLASH='\'
AMDEP_FALSE='#'
AMDEP_TRUE=''
AMTAR='$${TAR-tar}'
AM_BACKSLASH='\'
AM_DEFAULT_V='$(AM_DEFAULT_VERBOSITY)'
AM_DEFAULT_VERBOSITY='1'
AM_V='$(V)'
AR='ar'
AUTOCONF='${SHELL} '\''/home/user/Desktop/project/server-source-code/libmaxminddb-1.12.2/missing'\'' autoconf'
AUTOHEADER='${SHELL} '\''/home/user/Desktop/project/server-source-code/libmaxminddb-1.12.2/missing'\'' autoheader'
AUTOMAKE='${SHELL} '\''/home/user/Desktop/project/server-source-code/libmaxminddb-1.12.2/missing'\'' automake-1.16'
AWK='gawk'
BINARIES_FALSE='#'
BINARIES_TRUE=''
CC='gcc'
CCDEPMODE='depmode=gcc3'
CFLAGS='-g  -fms-extensions'
CPPFLAGS=''
CSCOPE='cscope'
CTAGS='ctags'
CYGPATH_W='echo'
DEBUG_FALSE=''
DEBUG_TRUE='#'
DEFS='-DHAVE_CONFIG_H'
DEPDIR='.deps'
DLLTOOL='dlltool'
DSYMUTIL=''
DUMPBIN=''
ECHO_C=''
ECHO_N='-n'
ECHO_T=''
EGREP='/usr/sbin/grep -E'
ETAGS='etags'
EXEEXT=''
FGREP='/usr/sbin/grep -F'
FILECMD='file'
GREP='/usr/sbin/grep'
INSTALL_DATA='${INSTALL} -m 644'
INSTALL_PROGRAM='${INSTALL}'
INSTALL_SCRIPT='${INSTALL}'
INSTALL_STRIP_PROGRAM='$(install_sh) -c -s'
LD='/usr/x86_64-pc-linux-gnu/bin/ld -m elf_x86_64'
LDFLAGS=''
LIBOBJS=''
LIBS='-lm '
LIBTOOL='$(SHELL) $(top_builddir)/libtool'
LIPO=''
LN_S='ln -s'
LTLIBOBJS=''
LT_SYS_LIBRARY_PATH=''
MAKEINFO='${SHELL} '\''/home/user/Desktop/project/server-source-code/libmaxminddb-1.12.2/missing'\'' makeinfo'
MANIFEST_TOOL=':'
MKDIR_P='/usr/sbin/mkdir -p'
NM='/usr/sbin/nm -B'
NMEDIT=''
OBJDUMP='objdump'
OBJEXT='o'
OTOOL64=''
OTOOL=''
PACKAGE='libmaxminddb'
PACKAGE_BUGREPORT='support@maxmind.com'
PACKAGE_NAME='libmaxminddb'
PACKAGE_STRING='libmaxminddb 1.12.2'
PACKAGE_TARNAME='libmaxminddb'
PACKAGE_URL=''
PACKAGE_VERSION='1.12.2'
PATH_SEPARATOR=':'
PKG_CONFIG='/usr/sbin/pkg-config'
PKG_CONFIG_LIBDIR=''
PKG_CONFIG_PATH=''
RANLIB='ranlib'
SED='/usr/sbin/sed'
SET_MAKE=''
SHELL='/bin/sh'
STRIP='strip'
TESTS_FALSE='#'
TESTS_TRUE=''
VERSION='1.12.2'
WINDOWS_FALSE=''
WINDOWS_TRUE='#'
ac_ct_AR='ar'
ac_ct_CC='gcc'
ac_ct_DUMPBIN=''
am__EXEEXT_FALSE=''
am__EXEEXT_TRUE='#'
am__fastdepCC_FALSE='#'
am__fastdepCC_TRUE=''
am__include='include'
am__isrc=''
am__leading_dot='.'
am__nodep='_no'
am__quote=''
am__tar='$${TAR-tar} chof - "$$tardir"'
am__untar='$${TAR-tar} xf -'
bindir='${exec_prefix}/bin'
build='x86_64-pc-linux-gnu'
build_alias=''
build_cpu='x86_64'
build_os='linux-gnu'
build_vendor='pc'
datadir='${datarootdir}'
datarootdir='${prefix}/share'
docdir='${datarootdir}/doc/${PACKAGE_TARNAME}'
dvidir='${docdir}'
exec_prefix='${prefix}'
host='x86_64-pc-linux-gnu'
host_alias=''
host_cpu='x86_64'
host_os='linux-gnu'
host_vendor='pc'
htmldir='${docdir}'
includedir='${prefix}/include'
infodir='${datarootdir}/info'
install_sh='${SHELL} /home/user/Desktop/project/server-source-code/libmaxminddb-1.12.2/install-sh'
libdir='${exec_prefix}/lib'
libexecdir='${exec_prefix}/libexec'
localedir='${datarootdir}/locale'
localstatedir='${prefix}/var'
mandir='${datarootdir}/man'
mkdir_p='$(MKDIR_P)'
oldincludedir='/usr/include'
pdfdir='${docdir}'
pkgconfigdir='${libdir}/pkgconfig'
prefix='/usr/local'
program_transform_name='s,x,x,'
psdir='${docdir}'
runstatedir='${localstatedir}/run'
sbindir='${exec_prefix}/sbin'
sharedstatedir='${prefix}/com'
sysconfdir='${prefix}/etc'
target_alias=''

## ----------- ##
## confdefs.h. ##
## ----------- ##

/* confdefs.h */
#define PACKAGE_NAME "libmaxminddb"
#define PACKAGE_TARNAME "libmaxminddb"
#define PACKAGE_VERSION "1.12.2"
#define PACKAGE_STRING "libmaxminddb 1.12.2"
#define PACKAGE_BUGREPORT "support@maxmind.com"
#define PACKAGE_URL ""
#define HAVE_STDIO_H 1
#define HAVE_STDLIB_H 1
#define HAVE_STRING_H 1
#define HAVE_INTTYPES_H 1
#define HAVE_STDINT_H 1
#define HAVE_STRINGS_H 1
#define HAVE_SYS_STAT_H 1
#define HAVE_SYS_TYPES_H 1
#define HAVE_UNISTD_H 1
#define HAVE_SYS_PARAM_H 1
#define STDC_HEADERS 1
#define HAVE_DLFCN_H 1
#define LT_OBJDIR ".libs/"
#define PACKAGE "libmaxminddb"
#define VERSION "1.12.2"
#define restrict __restrict__
#define HAVE_ARPA_INET_H 1
#define HAVE_ASSERT_H 1
#define HAVE_FCNTL_H 1
#define HAVE_INTTYPES_H 1
#define HAVE_LIBGEN_H 1
#define HAVE_MATH_H 1
#define HAVE_NETDB_H 1
#define HAVE_NETINET_IN_H 1
#define HAVE_STDARG_H 1
#define HAVE_STDBOOL_H 1
#define HAVE_STDINT_H 1
#define HAVE_STDIO_H 1
#define HAVE_STDLIB_H 1
#define HAVE_STRING_H 1
#define HAVE_SYS_MMAN_H 1
#define HAVE_SYS_SOCKET_H 1
#define HAVE_SYS_STAT_H 1
#define HAVE_SYS_TIME_H 1
#define HAVE_SYS_TYPES_H 1
#define HAVE_UNISTD_H 1
#define MMDB_UINT128_IS_BYTE_ARRAY 0
#define HAVE_CLOCK_GETTIME 1
#define HAVE_OPEN_MEMSTREAM 1
#define MMDB_LITTLE_ENDIAN 1
#define HAVE_GETPAGESIZE 1
#define HAVE_MMAP 1

configure: exit 0
